# JRE version: OpenJDK Runtime Environment (8.0_242-b01) (build 1.8.0_242-release-1644-b01)
# Java VM: OpenJDK 64-Bit Server VM (25.242-b01 mixed mode windows-amd64 compressed oops)
Heap:
 PSYoungGen      total 641536K, used 584037K [0x00000000d5580000, 0x00000000ff980000, 0x0000000100000000)
  eden space 599040K, 94% used [0x00000000d5580000,0x00000000f7db69f0,0x00000000f9e80000)
  from space 42496K, 43% used [0x00000000fd000000,0x00000000fe222ce8,0x00000000ff980000)
  to   space 46592K, 0% used [0x00000000f9e80000,0x00000000f9e80000,0x00000000fcc00000)
 ParOldGen       total 215552K, used 113177K [0x0000000080000000, 0x000000008d280000, 0x00000000d5580000)
  object space 215552K, 52% used [0x0000000080000000,0x0000000086e86630,0x000000008d280000)
 Metaspace       used 102241K, capacity 107288K, committed 107544K, reserved 1142784K
  class space    used 13065K, capacity 14062K, committed 14104K, reserved 1048576K
GC Heap History (10 events):
Event: 670.135 GC heap before
{Heap before GC invocations=22 (full 4):
 PSYoungGen      total 646144K, used 646084K [0x00000000d5580000, 0x0000000100000000, 0x0000000100000000)
  eden space 609792K, 100% used [0x00000000d5580000,0x00000000fa900000,0x00000000fa900000)
  from space 36352K, 99% used [0x00000000fa900000,0x00000000fcc71130,0x00000000fcc80000)
  to   space 49152K, 0% used [0x00000000fd000000,0x00000000fd000000,0x0000000100000000)
 ParOldGen       total 215552K, used 93989K [0x0000000080000000, 0x000000008d280000, 0x00000000d5580000)
  object space 215552K, 43% used [0x0000000080000000,0x0000000085bc94e8,0x000000008d280000)
 Metaspace       used 96617K, capacity 101310K, committed 101400K, reserved 1136640K
  class space    used 12369K, capacity 13305K, committed 13336K, reserved 1048576K
Event: 670.237 GC heap after
Heap after GC invocations=22 (full 4):
 PSYoungGen      total 640512K, used 38926K [0x00000000d5580000, 0x0000000100000000, 0x0000000100000000)
  eden space 591360K, 0% used [0x00000000d5580000,0x00000000d5580000,0x00000000f9700000)
  from space 49152K, 79% used [0x00000000fd000000,0x00000000ff603838,0x0000000100000000)
  to   space 53760K, 0% used [0x00000000f9700000,0x00000000f9700000,0x00000000fcb80000)
 ParOldGen       total 215552K, used 93997K [0x0000000080000000, 0x000000008d280000, 0x00000000d5580000)
  object space 215552K, 43% used [0x0000000080000000,0x0000000085bcb4e8,0x000000008d280000)
 Metaspace       used 96617K, capacity 101310K, committed 101400K, reserved 1136640K
  class space    used 12369K, capacity 13305K, committed 13336K, reserved 1048576K
}
Event: 670.864 GC heap before
{Heap before GC invocations=23 (full 4):
 PSYoungGen      total 640512K, used 630286K [0x00000000d5580000, 0x0000000100000000, 0x0000000100000000)
  eden space 591360K, 100% used [0x00000000d5580000,0x00000000f9700000,0x00000000f9700000)
  from space 49152K, 79% used [0x00000000fd000000,0x00000000ff603838,0x0000000100000000)
  to   space 53760K, 0% used [0x00000000f9700000,0x00000000f9700000,0x00000000fcb80000)
 ParOldGen       total 215552K, used 93997K [0x0000000080000000, 0x000000008d280000, 0x00000000d5580000)
  object space 215552K, 43% used [0x0000000080000000,0x0000000085bcb4e8,0x000000008d280000)
 Metaspace       used 96627K, capacity 101310K, committed 101400K, reserved 1136640K
  class space    used 12369K, capacity 13305K, committed 13336K, reserved 1048576K
Event: 670.897 GC heap after
Heap after GC invocations=23 (full 4):
 PSYoungGen      total 645120K, used 28883K [0x00000000d5580000, 0x0000000100000000, 0x0000000100000000)
  eden space 591360K, 0% used [0x00000000d5580000,0x00000000d5580000,0x00000000f9700000)
  from space 53760K, 53% used [0x00000000f9700000,0x00000000fb334e68,0x00000000fcb80000)
  to   space 53248K, 0% used [0x00000000fcc00000,0x00000000fcc00000,0x0000000100000000)
 ParOldGen       total 215552K, used 94005K [0x0000000080000000, 0x000000008d280000, 0x00000000d5580000)
  object space 215552K, 43% used [0x0000000080000000,0x0000000085bcd4e8,0x000000008d280000)
 Metaspace       used 96627K, capacity 101310K, committed 101400K, reserved 1136640K
  class space    used 12369K, capacity 13305K, committed 13336K, reserved 1048576K
}
Event: 675.379 GC heap before
{Heap before GC invocations=24 (full 4):
 PSYoungGen      total 645120K, used 620243K [0x00000000d5580000, 0x0000000100000000, 0x0000000100000000)
  eden space 591360K, 100% used [0x00000000d5580000,0x00000000f9700000,0x00000000f9700000)
  from space 53760K, 53% used [0x00000000f9700000,0x00000000fb334e68,0x00000000fcb80000)
  to   space 53248K, 0% used [0x00000000fcc00000,0x00000000fcc00000,0x0000000100000000)
 ParOldGen       total 215552K, used 94005K [0x0000000080000000, 0x000000008d280000, 0x00000000d5580000)
  object space 215552K, 43% used [0x0000000080000000,0x0000000085bcd4e8,0x000000008d280000)
 Metaspace       used 97963K, capacity 102696K, committed 102808K, reserved 1138688K
  class space    used 12496K, capacity 13450K, committed 13464K, reserved 1048576K
Event: 675.435 GC heap after
Heap after GC invocations=24 (full 4):
 PSYoungGen      total 639488K, used 18673K [0x00000000d5580000, 0x00000000ffa80000, 0x0000000100000000)
  eden space 591872K, 0% used [0x00000000d5580000,0x00000000d5580000,0x00000000f9780000)
  from space 47616K, 39% used [0x00000000fcc00000,0x00000000fde3c558,0x00000000ffa80000)
  to   space 50688K, 0% used [0x00000000f9780000,0x00000000f9780000,0x00000000fc900000)
 ParOldGen       total 215552K, used 113139K [0x0000000080000000, 0x000000008d280000, 0x00000000d5580000)
  object space 215552K, 52% used [0x0000000080000000,0x0000000086e7cf00,0x000000008d280000)
 Metaspace       used 97963K, capacity 102696K, committed 102808K, reserved 1138688K
  class space    used 12496K, capacity 13450K, committed 13464K, reserved 1048576K
}
Event: 679.964 GC heap before
{Heap before GC invocations=25 (full 4):
 PSYoungGen      total 639488K, used 610545K [0x00000000d5580000, 0x00000000ffa80000, 0x0000000100000000)
  eden space 591872K, 100% used [0x00000000d5580000,0x00000000f9780000,0x00000000f9780000)
  from space 47616K, 39% used [0x00000000fcc00000,0x00000000fde3c558,0x00000000ffa80000)
  to   space 50688K, 0% used [0x00000000f9780000,0x00000000f9780000,0x00000000fc900000)
 ParOldGen       total 215552K, used 113139K [0x0000000080000000, 0x000000008d280000, 0x00000000d5580000)
  object space 215552K, 52% used [0x0000000080000000,0x0000000086e7cf00,0x000000008d280000)
 Metaspace       used 100409K, capacity 105352K, committed 105496K, reserved 1140736K
  class space    used 12777K, capacity 13770K, committed 13848K, reserved 1048576K
Event: 679.982 GC heap after
Heap after GC invocations=25 (full 4):
 PSYoungGen      total 642560K, used 13188K [0x00000000d5580000, 0x0000000100000000, 0x0000000100000000)
  eden space 591872K, 0% used [0x00000000d5580000,0x00000000d5580000,0x00000000f9780000)
  from space 50688K, 26% used [0x00000000f9780000,0x00000000fa4611c8,0x00000000fc900000)
  to   space 49152K, 0% used [0x00000000fd000000,0x00000000fd000000,0x0000000100000000)
 ParOldGen       total 215552K, used 113147K [0x0000000080000000, 0x000000008d280000, 0x00000000d5580000)
  object space 215552K, 52% used [0x0000000080000000,0x0000000086e7ef00,0x000000008d280000)
 Metaspace       used 100409K, capacity 105352K, committed 105496K, reserved 1140736K
  class space    used 12777K, capacity 13770K, committed 13848K, reserved 1048576K
}
Event: 681.846 GC heap before
{Heap before GC invocations=26 (full 4):
 PSYoungGen      total 642560K, used 605060K [0x00000000d5580000, 0x0000000100000000, 0x0000000100000000)
  eden space 591872K, 100% used [0x00000000d5580000,0x00000000f9780000,0x00000000f9780000)
  from space 50688K, 26% used [0x00000000f9780000,0x00000000fa4611c8,0x00000000fc900000)
  to   space 49152K, 0% used [0x00000000fd000000,0x00000000fd000000,0x0000000100000000)
 ParOldGen       total 215552K, used 113169K [0x0000000080000000, 0x000000008d280000, 0x00000000d5580000)
  object space 215552K, 52% used [0x0000000080000000,0x0000000086e84630,0x000000008d280000)
 Metaspace       used 100699K, capacity 105656K, committed 105752K, reserved 1140736K
  class space    used 12821K, capacity 13804K, committed 13848K, reserved 1048576K
Event: 681.858 GC heap after
Heap after GC invocations=26 (full 4):
 PSYoungGen      total 641536K, used 18571K [0x00000000d5580000, 0x00000000ff980000, 0x0000000100000000)
  eden space 599040K, 0% used [0x00000000d5580000,0x00000000d5580000,0x00000000f9e80000)
  from space 42496K, 43% used [0x00000000fd000000,0x00000000fe222ce8,0x00000000ff980000)
  to   space 46592K, 0% used [0x00000000f9e80000,0x00000000f9e80000,0x00000000fcc00000)
 ParOldGen       total 215552K, used 113177K [0x0000000080000000, 0x000000008d280000, 0x00000000d5580000)
  object space 215552K, 52% used [0x0000000080000000,0x0000000086e86630,0x000000008d280000)
 Metaspace       used 100699K, capacity 105656K, committed 105752K, reserved 1140736K
  class space    used 12821K, capacity 13804K, committed 13848K, reserved 1048576K
}

